Copyright 1986-2020 Xilinx, Inc. All Rights Reserved.
------------------------------------------------------------------------------------------------------------------------
| Tool Version : Vivado v.2020.1 (win64) Build 2902540 Wed May 27 19:54:49 MDT 2020
| Date         : Fri Sep 19 11:50:36 2025
| Host         : Touan-Richi-Zbook-G11 running 64-bit major release  (build 9200)
| Command      : report_drc -file RISC_Sha_tb_drc_opted.rpt -pb RISC_Sha_tb_drc_opted.pb -rpx RISC_Sha_tb_drc_opted.rpx
| Design       : RISC_Sha_tb
| Device       : xczu9eg-ffvc900-3-e
| Speed File   : -3
| Design State : Fully Routed
------------------------------------------------------------------------------------------------------------------------

Report DRC

Table of Contents
-----------------
1. REPORT SUMMARY
2. REPORT DETAILS

1. REPORT SUMMARY
-----------------
            Netlist: netlist
          Floorplan: design_1
      Design limits: <entire design considered>
           Ruledeck: default
             Max violations: <unlimited>
             Violations found: 0
+------+----------+-------------+------------+
| Rule | Severity | Description | Violations |
+------+----------+-------------+------------+
+------+----------+-------------+------------+

2. REPORT DETAILS
-----------------

