
*** Running vivado
    with args -log RISC_Sha_tb.vdi -applog -m64 -product Vivado -messageDb vivado.pb -mode batch -source RISC_Sha_tb.tcl -notrace



****** Vivado v2020.1 (64-bit)
  **** SW Build 2902540 on Wed May 27 19:54:49 MDT 2020
  **** IP Build 2902112 on Wed May 27 22:43:36 MDT 2020
    ** Copyright 1986-2020 Xilinx, Inc. All Rights Reserved.

source RISC_Sha_tb.tcl -notrace
Command: link_design -top RISC_Sha_tb -part xczu9eg-ffvc900-3-e
Design is defaulting to srcset: sources_1
Design is defaulting to constrset: constrs_1
INFO: [Device 21-403] Loading part xczu9eg-ffvc900-3-e
Netlist sorting complete. Time (s): cpu = 00:00:00 ; elapsed = 00:00:00 . Memory (MB): peak = 1498.289 ; gain = 0.000
INFO: [Project 1-479] Netlist was created with Vivado 2020.1
INFO: [Project 1-570] Preparing netlist for logic optimization
Parsing XDC File [C:/Users/Dat Pham/Downloads/Source/timing_constraints.sdc]
WARNING: [Vivado 12-584] No ports matched 'clk'. [C:/Users/Dat Pham/Downloads/Source/timing_constraints.sdc:6]
CRITICAL WARNING: [Vivado 12-4739] create_clock:No valid object(s) found for '-objects [get_ports clk]'. [C:/Users/Dat Pham/Downloads/Source/timing_constraints.sdc:6]
Resolution: Check if the specified object(s) exists in the current design. If it does, ensure that the correct design hierarchy was specified for the object. If you are working with clocks, make sure create_clock was used to create the clock object before it is referenced.
INFO: [Timing 38-35] Done setting XDC timing constraints. [C:/Users/Dat Pham/Downloads/Source/timing_constraints.sdc:9]
WARNING: [Vivado 12-627] No clocks matched 'clk'. [C:/Users/Dat Pham/Downloads/Source/timing_constraints.sdc:9]
INFO: [Vivado 12-626] No clocks found. Please use 'create_clock' or 'create_generated_clock' command to create clocks. [C:/Users/Dat Pham/Downloads/Source/timing_constraints.sdc:9]
CRITICAL WARNING: [Vivado 12-4739] set_clock_uncertainty:No valid object(s) found for '-objects [get_clocks clk]'. [C:/Users/Dat Pham/Downloads/Source/timing_constraints.sdc:9]
Resolution: Check if the specified object(s) exists in the current design. If it does, ensure that the correct design hierarchy was specified for the object. If you are working with clocks, make sure create_clock was used to create the clock object before it is referenced.
WARNING: [Vivado 12-584] No ports matched 'reset'. [C:/Users/Dat Pham/Downloads/Source/timing_constraints.sdc:13]
WARNING: [Vivado 12-584] No ports matched 'start_in'. [C:/Users/Dat Pham/Downloads/Source/timing_constraints.sdc:13]
WARNING: [Vivado 12-646] clock 'clk' not found. [C:/Users/Dat Pham/Downloads/Source/timing_constraints.sdc:13]
CRITICAL WARNING: [Vivado 12-4739] set_input_delay:No valid object(s) found for '-objects [get_ports {reset start_in}]'. [C:/Users/Dat Pham/Downloads/Source/timing_constraints.sdc:13]
Resolution: Check if the specified object(s) exists in the current design. If it does, ensure that the correct design hierarchy was specified for the object. If you are working with clocks, make sure create_clock was used to create the clock object before it is referenced.
WARNING: [Vivado 12-584] No ports matched 'reset'. [C:/Users/Dat Pham/Downloads/Source/timing_constraints.sdc:14]
WARNING: [Vivado 12-584] No ports matched 'start_in'. [C:/Users/Dat Pham/Downloads/Source/timing_constraints.sdc:14]
WARNING: [Vivado 12-646] clock 'clk' not found. [C:/Users/Dat Pham/Downloads/Source/timing_constraints.sdc:14]
CRITICAL WARNING: [Vivado 12-4739] set_input_delay:No valid object(s) found for '-objects [get_ports {reset start_in}]'. [C:/Users/Dat Pham/Downloads/Source/timing_constraints.sdc:14]
Resolution: Check if the specified object(s) exists in the current design. If it does, ensure that the correct design hierarchy was specified for the object. If you are working with clocks, make sure create_clock was used to create the clock object before it is referenced.
WARNING: [Vivado 12-584] No ports matched 'A_i[*]'. [C:/Users/Dat Pham/Downloads/Source/timing_constraints.sdc:17]
WARNING: [Vivado 12-646] clock 'clk' not found. [C:/Users/Dat Pham/Downloads/Source/timing_constraints.sdc:17]
CRITICAL WARNING: [Vivado 12-4739] set_input_delay:No valid object(s) found for '-objects [get_ports {A_i[*]}]'. [C:/Users/Dat Pham/Downloads/Source/timing_constraints.sdc:17]
Resolution: Check if the specified object(s) exists in the current design. If it does, ensure that the correct design hierarchy was specified for the object. If you are working with clocks, make sure create_clock was used to create the clock object before it is referenced.
WARNING: [Vivado 12-584] No ports matched 'A_i[*]'. [C:/Users/Dat Pham/Downloads/Source/timing_constraints.sdc:18]
WARNING: [Vivado 12-646] clock 'clk' not found. [C:/Users/Dat Pham/Downloads/Source/timing_constraints.sdc:18]
CRITICAL WARNING: [Vivado 12-4739] set_input_delay:No valid object(s) found for '-objects [get_ports {A_i[*]}]'. [C:/Users/Dat Pham/Downloads/Source/timing_constraints.sdc:18]
Resolution: Check if the specified object(s) exists in the current design. If it does, ensure that the correct design hierarchy was specified for the object. If you are working with clocks, make sure create_clock was used to create the clock object before it is referenced.
WARNING: [Vivado 12-584] No ports matched 'B_i[*]'. [C:/Users/Dat Pham/Downloads/Source/timing_constraints.sdc:19]
WARNING: [Vivado 12-646] clock 'clk' not found. [C:/Users/Dat Pham/Downloads/Source/timing_constraints.sdc:19]
CRITICAL WARNING: [Vivado 12-4739] set_input_delay:No valid object(s) found for '-objects [get_ports {B_i[*]}]'. [C:/Users/Dat Pham/Downloads/Source/timing_constraints.sdc:19]
Resolution: Check if the specified object(s) exists in the current design. If it does, ensure that the correct design hierarchy was specified for the object. If you are working with clocks, make sure create_clock was used to create the clock object before it is referenced.
WARNING: [Vivado 12-584] No ports matched 'B_i[*]'. [C:/Users/Dat Pham/Downloads/Source/timing_constraints.sdc:20]
WARNING: [Vivado 12-646] clock 'clk' not found. [C:/Users/Dat Pham/Downloads/Source/timing_constraints.sdc:20]
CRITICAL WARNING: [Vivado 12-4739] set_input_delay:No valid object(s) found for '-objects [get_ports {B_i[*]}]'. [C:/Users/Dat Pham/Downloads/Source/timing_constraints.sdc:20]
Resolution: Check if the specified object(s) exists in the current design. If it does, ensure that the correct design hierarchy was specified for the object. If you are working with clocks, make sure create_clock was used to create the clock object before it is referenced.
WARNING: [Vivado 12-584] No ports matched 'C_i[*]'. [C:/Users/Dat Pham/Downloads/Source/timing_constraints.sdc:21]
WARNING: [Vivado 12-646] clock 'clk' not found. [C:/Users/Dat Pham/Downloads/Source/timing_constraints.sdc:21]
CRITICAL WARNING: [Vivado 12-4739] set_input_delay:No valid object(s) found for '-objects [get_ports {C_i[*]}]'. [C:/Users/Dat Pham/Downloads/Source/timing_constraints.sdc:21]
Resolution: Check if the specified object(s) exists in the current design. If it does, ensure that the correct design hierarchy was specified for the object. If you are working with clocks, make sure create_clock was used to create the clock object before it is referenced.
WARNING: [Vivado 12-584] No ports matched 'C_i[*]'. [C:/Users/Dat Pham/Downloads/Source/timing_constraints.sdc:22]
WARNING: [Vivado 12-646] clock 'clk' not found. [C:/Users/Dat Pham/Downloads/Source/timing_constraints.sdc:22]
CRITICAL WARNING: [Vivado 12-4739] set_input_delay:No valid object(s) found for '-objects [get_ports {C_i[*]}]'. [C:/Users/Dat Pham/Downloads/Source/timing_constraints.sdc:22]
Resolution: Check if the specified object(s) exists in the current design. If it does, ensure that the correct design hierarchy was specified for the object. If you are working with clocks, make sure create_clock was used to create the clock object before it is referenced.
WARNING: [Vivado 12-584] No ports matched 'D_i[*]'. [C:/Users/Dat Pham/Downloads/Source/timing_constraints.sdc:23]
WARNING: [Vivado 12-646] clock 'clk' not found. [C:/Users/Dat Pham/Downloads/Source/timing_constraints.sdc:23]
CRITICAL WARNING: [Vivado 12-4739] set_input_delay:No valid object(s) found for '-objects [get_ports {D_i[*]}]'. [C:/Users/Dat Pham/Downloads/Source/timing_constraints.sdc:23]
Resolution: Check if the specified object(s) exists in the current design. If it does, ensure that the correct design hierarchy was specified for the object. If you are working with clocks, make sure create_clock was used to create the clock object before it is referenced.
WARNING: [Vivado 12-584] No ports matched 'D_i[*]'. [C:/Users/Dat Pham/Downloads/Source/timing_constraints.sdc:24]
WARNING: [Vivado 12-646] clock 'clk' not found. [C:/Users/Dat Pham/Downloads/Source/timing_constraints.sdc:24]
CRITICAL WARNING: [Vivado 12-4739] set_input_delay:No valid object(s) found for '-objects [get_ports {D_i[*]}]'. [C:/Users/Dat Pham/Downloads/Source/timing_constraints.sdc:24]
Resolution: Check if the specified object(s) exists in the current design. If it does, ensure that the correct design hierarchy was specified for the object. If you are working with clocks, make sure create_clock was used to create the clock object before it is referenced.
WARNING: [Vivado 12-584] No ports matched 'E_i[*]'. [C:/Users/Dat Pham/Downloads/Source/timing_constraints.sdc:25]
WARNING: [Vivado 12-646] clock 'clk' not found. [C:/Users/Dat Pham/Downloads/Source/timing_constraints.sdc:25]
CRITICAL WARNING: [Vivado 12-4739] set_input_delay:No valid object(s) found for '-objects [get_ports {E_i[*]}]'. [C:/Users/Dat Pham/Downloads/Source/timing_constraints.sdc:25]
Resolution: Check if the specified object(s) exists in the current design. If it does, ensure that the correct design hierarchy was specified for the object. If you are working with clocks, make sure create_clock was used to create the clock object before it is referenced.
WARNING: [Vivado 12-584] No ports matched 'E_i[*]'. [C:/Users/Dat Pham/Downloads/Source/timing_constraints.sdc:26]
WARNING: [Vivado 12-646] clock 'clk' not found. [C:/Users/Dat Pham/Downloads/Source/timing_constraints.sdc:26]
CRITICAL WARNING: [Vivado 12-4739] set_input_delay:No valid object(s) found for '-objects [get_ports {E_i[*]}]'. [C:/Users/Dat Pham/Downloads/Source/timing_constraints.sdc:26]
Resolution: Check if the specified object(s) exists in the current design. If it does, ensure that the correct design hierarchy was specified for the object. If you are working with clocks, make sure create_clock was used to create the clock object before it is referenced.
WARNING: [Vivado 12-584] No ports matched 'F_i[*]'. [C:/Users/Dat Pham/Downloads/Source/timing_constraints.sdc:27]
WARNING: [Vivado 12-646] clock 'clk' not found. [C:/Users/Dat Pham/Downloads/Source/timing_constraints.sdc:27]
CRITICAL WARNING: [Vivado 12-4739] set_input_delay:No valid object(s) found for '-objects [get_ports {F_i[*]}]'. [C:/Users/Dat Pham/Downloads/Source/timing_constraints.sdc:27]
Resolution: Check if the specified object(s) exists in the current design. If it does, ensure that the correct design hierarchy was specified for the object. If you are working with clocks, make sure create_clock was used to create the clock object before it is referenced.
WARNING: [Vivado 12-584] No ports matched 'F_i[*]'. [C:/Users/Dat Pham/Downloads/Source/timing_constraints.sdc:28]
WARNING: [Vivado 12-646] clock 'clk' not found. [C:/Users/Dat Pham/Downloads/Source/timing_constraints.sdc:28]
CRITICAL WARNING: [Vivado 12-4739] set_input_delay:No valid object(s) found for '-objects [get_ports {F_i[*]}]'. [C:/Users/Dat Pham/Downloads/Source/timing_constraints.sdc:28]
Resolution: Check if the specified object(s) exists in the current design. If it does, ensure that the correct design hierarchy was specified for the object. If you are working with clocks, make sure create_clock was used to create the clock object before it is referenced.
WARNING: [Vivado 12-584] No ports matched 'G_i[*]'. [C:/Users/Dat Pham/Downloads/Source/timing_constraints.sdc:29]
WARNING: [Vivado 12-646] clock 'clk' not found. [C:/Users/Dat Pham/Downloads/Source/timing_constraints.sdc:29]
CRITICAL WARNING: [Vivado 12-4739] set_input_delay:No valid object(s) found for '-objects [get_ports {G_i[*]}]'. [C:/Users/Dat Pham/Downloads/Source/timing_constraints.sdc:29]
Resolution: Check if the specified object(s) exists in the current design. If it does, ensure that the correct design hierarchy was specified for the object. If you are working with clocks, make sure create_clock was used to create the clock object before it is referenced.
WARNING: [Vivado 12-584] No ports matched 'G_i[*]'. [C:/Users/Dat Pham/Downloads/Source/timing_constraints.sdc:30]
WARNING: [Vivado 12-646] clock 'clk' not found. [C:/Users/Dat Pham/Downloads/Source/timing_constraints.sdc:30]
CRITICAL WARNING: [Vivado 12-4739] set_input_delay:No valid object(s) found for '-objects [get_ports {G_i[*]}]'. [C:/Users/Dat Pham/Downloads/Source/timing_constraints.sdc:30]
Resolution: Check if the specified object(s) exists in the current design. If it does, ensure that the correct design hierarchy was specified for the object. If you are working with clocks, make sure create_clock was used to create the clock object before it is referenced.
WARNING: [Vivado 12-584] No ports matched 'H_i[*]'. [C:/Users/Dat Pham/Downloads/Source/timing_constraints.sdc:31]
WARNING: [Vivado 12-646] clock 'clk' not found. [C:/Users/Dat Pham/Downloads/Source/timing_constraints.sdc:31]
CRITICAL WARNING: [Vivado 12-4739] set_input_delay:No valid object(s) found for '-objects [get_ports {H_i[*]}]'. [C:/Users/Dat Pham/Downloads/Source/timing_constraints.sdc:31]
Resolution: Check if the specified object(s) exists in the current design. If it does, ensure that the correct design hierarchy was specified for the object. If you are working with clocks, make sure create_clock was used to create the clock object before it is referenced.
WARNING: [Vivado 12-584] No ports matched 'H_i[*]'. [C:/Users/Dat Pham/Downloads/Source/timing_constraints.sdc:32]
WARNING: [Vivado 12-646] clock 'clk' not found. [C:/Users/Dat Pham/Downloads/Source/timing_constraints.sdc:32]
CRITICAL WARNING: [Vivado 12-4739] set_input_delay:No valid object(s) found for '-objects [get_ports {H_i[*]}]'. [C:/Users/Dat Pham/Downloads/Source/timing_constraints.sdc:32]
Resolution: Check if the specified object(s) exists in the current design. If it does, ensure that the correct design hierarchy was specified for the object. If you are working with clocks, make sure create_clock was used to create the clock object before it is referenced.
WARNING: [Vivado 12-584] No ports matched 'w0_sha256[*]'. [C:/Users/Dat Pham/Downloads/Source/timing_constraints.sdc:35]
WARNING: [Vivado 12-646] clock 'clk' not found. [C:/Users/Dat Pham/Downloads/Source/timing_constraints.sdc:35]
CRITICAL WARNING: [Vivado 12-4739] set_input_delay:No valid object(s) found for '-objects [get_ports {w0_sha256[*]}]'. [C:/Users/Dat Pham/Downloads/Source/timing_constraints.sdc:35]
Resolution: Check if the specified object(s) exists in the current design. If it does, ensure that the correct design hierarchy was specified for the object. If you are working with clocks, make sure create_clock was used to create the clock object before it is referenced.
WARNING: [Vivado 12-584] No ports matched 'w0_sha256[*]'. [C:/Users/Dat Pham/Downloads/Source/timing_constraints.sdc:36]
WARNING: [Vivado 12-646] clock 'clk' not found. [C:/Users/Dat Pham/Downloads/Source/timing_constraints.sdc:36]
CRITICAL WARNING: [Vivado 12-4739] set_input_delay:No valid object(s) found for '-objects [get_ports {w0_sha256[*]}]'. [C:/Users/Dat Pham/Downloads/Source/timing_constraints.sdc:36]
Resolution: Check if the specified object(s) exists in the current design. If it does, ensure that the correct design hierarchy was specified for the object. If you are working with clocks, make sure create_clock was used to create the clock object before it is referenced.
WARNING: [Vivado 12-584] No ports matched 'w1_sha256[*]'. [C:/Users/Dat Pham/Downloads/Source/timing_constraints.sdc:37]
WARNING: [Vivado 12-646] clock 'clk' not found. [C:/Users/Dat Pham/Downloads/Source/timing_constraints.sdc:37]
CRITICAL WARNING: [Vivado 12-4739] set_input_delay:No valid object(s) found for '-objects [get_ports {w1_sha256[*]}]'. [C:/Users/Dat Pham/Downloads/Source/timing_constraints.sdc:37]
Resolution: Check if the specified object(s) exists in the current design. If it does, ensure that the correct design hierarchy was specified for the object. If you are working with clocks, make sure create_clock was used to create the clock object before it is referenced.
WARNING: [Vivado 12-584] No ports matched 'w1_sha256[*]'. [C:/Users/Dat Pham/Downloads/Source/timing_constraints.sdc:38]
WARNING: [Vivado 12-646] clock 'clk' not found. [C:/Users/Dat Pham/Downloads/Source/timing_constraints.sdc:38]
CRITICAL WARNING: [Vivado 12-4739] set_input_delay:No valid object(s) found for '-objects [get_ports {w1_sha256[*]}]'. [C:/Users/Dat Pham/Downloads/Source/timing_constraints.sdc:38]
Resolution: Check if the specified object(s) exists in the current design. If it does, ensure that the correct design hierarchy was specified for the object. If you are working with clocks, make sure create_clock was used to create the clock object before it is referenced.
WARNING: [Vivado 12-584] No ports matched 'w2_sha256[*]'. [C:/Users/Dat Pham/Downloads/Source/timing_constraints.sdc:39]
WARNING: [Vivado 12-646] clock 'clk' not found. [C:/Users/Dat Pham/Downloads/Source/timing_constraints.sdc:39]
CRITICAL WARNING: [Vivado 12-4739] set_input_delay:No valid object(s) found for '-objects [get_ports {w2_sha256[*]}]'. [C:/Users/Dat Pham/Downloads/Source/timing_constraints.sdc:39]
Resolution: Check if the specified object(s) exists in the current design. If it does, ensure that the correct design hierarchy was specified for the object. If you are working with clocks, make sure create_clock was used to create the clock object before it is referenced.
WARNING: [Vivado 12-584] No ports matched 'w2_sha256[*]'. [C:/Users/Dat Pham/Downloads/Source/timing_constraints.sdc:40]
WARNING: [Vivado 12-646] clock 'clk' not found. [C:/Users/Dat Pham/Downloads/Source/timing_constraints.sdc:40]
CRITICAL WARNING: [Vivado 12-4739] set_input_delay:No valid object(s) found for '-objects [get_ports {w2_sha256[*]}]'. [C:/Users/Dat Pham/Downloads/Source/timing_constraints.sdc:40]
Resolution: Check if the specified object(s) exists in the current design. If it does, ensure that the correct design hierarchy was specified for the object. If you are working with clocks, make sure create_clock was used to create the clock object before it is referenced.
WARNING: [Vivado 12-584] No ports matched 'w3_sha256[*]'. [C:/Users/Dat Pham/Downloads/Source/timing_constraints.sdc:41]
WARNING: [Vivado 12-646] clock 'clk' not found. [C:/Users/Dat Pham/Downloads/Source/timing_constraints.sdc:41]
CRITICAL WARNING: [Vivado 12-4739] set_input_delay:No valid object(s) found for '-objects [get_ports {w3_sha256[*]}]'. [C:/Users/Dat Pham/Downloads/Source/timing_constraints.sdc:41]
Resolution: Check if the specified object(s) exists in the current design. If it does, ensure that the correct design hierarchy was specified for the object. If you are working with clocks, make sure create_clock was used to create the clock object before it is referenced.
WARNING: [Vivado 12-584] No ports matched 'w3_sha256[*]'. [C:/Users/Dat Pham/Downloads/Source/timing_constraints.sdc:42]
WARNING: [Vivado 12-646] clock 'clk' not found. [C:/Users/Dat Pham/Downloads/Source/timing_constraints.sdc:42]
CRITICAL WARNING: [Vivado 12-4739] set_input_delay:No valid object(s) found for '-objects [get_ports {w3_sha256[*]}]'. [C:/Users/Dat Pham/Downloads/Source/timing_constraints.sdc:42]
Resolution: Check if the specified object(s) exists in the current design. If it does, ensure that the correct design hierarchy was specified for the object. If you are working with clocks, make sure create_clock was used to create the clock object before it is referenced.
WARNING: [Vivado 12-584] No ports matched 'w4_sha256[*]'. [C:/Users/Dat Pham/Downloads/Source/timing_constraints.sdc:43]
WARNING: [Vivado 12-646] clock 'clk' not found. [C:/Users/Dat Pham/Downloads/Source/timing_constraints.sdc:43]
CRITICAL WARNING: [Vivado 12-4739] set_input_delay:No valid object(s) found for '-objects [get_ports {w4_sha256[*]}]'. [C:/Users/Dat Pham/Downloads/Source/timing_constraints.sdc:43]
Resolution: Check if the specified object(s) exists in the current design. If it does, ensure that the correct design hierarchy was specified for the object. If you are working with clocks, make sure create_clock was used to create the clock object before it is referenced.
WARNING: [Vivado 12-584] No ports matched 'w4_sha256[*]'. [C:/Users/Dat Pham/Downloads/Source/timing_constraints.sdc:44]
WARNING: [Vivado 12-646] clock 'clk' not found. [C:/Users/Dat Pham/Downloads/Source/timing_constraints.sdc:44]
CRITICAL WARNING: [Vivado 12-4739] set_input_delay:No valid object(s) found for '-objects [get_ports {w4_sha256[*]}]'. [C:/Users/Dat Pham/Downloads/Source/timing_constraints.sdc:44]
Resolution: Check if the specified object(s) exists in the current design. If it does, ensure that the correct design hierarchy was specified for the object. If you are working with clocks, make sure create_clock was used to create the clock object before it is referenced.
WARNING: [Vivado 12-584] No ports matched 'w5_sha256[*]'. [C:/Users/Dat Pham/Downloads/Source/timing_constraints.sdc:45]
WARNING: [Vivado 12-646] clock 'clk' not found. [C:/Users/Dat Pham/Downloads/Source/timing_constraints.sdc:45]
CRITICAL WARNING: [Vivado 12-4739] set_input_delay:No valid object(s) found for '-objects [get_ports {w5_sha256[*]}]'. [C:/Users/Dat Pham/Downloads/Source/timing_constraints.sdc:45]
Resolution: Check if the specified object(s) exists in the current design. If it does, ensure that the correct design hierarchy was specified for the object. If you are working with clocks, make sure create_clock was used to create the clock object before it is referenced.
WARNING: [Vivado 12-584] No ports matched 'w5_sha256[*]'. [C:/Users/Dat Pham/Downloads/Source/timing_constraints.sdc:46]
WARNING: [Vivado 12-646] clock 'clk' not found. [C:/Users/Dat Pham/Downloads/Source/timing_constraints.sdc:46]
CRITICAL WARNING: [Vivado 12-4739] set_input_delay:No valid object(s) found for '-objects [get_ports {w5_sha256[*]}]'. [C:/Users/Dat Pham/Downloads/Source/timing_constraints.sdc:46]
Resolution: Check if the specified object(s) exists in the current design. If it does, ensure that the correct design hierarchy was specified for the object. If you are working with clocks, make sure create_clock was used to create the clock object before it is referenced.
WARNING: [Vivado 12-584] No ports matched 'w6_sha256[*]'. [C:/Users/Dat Pham/Downloads/Source/timing_constraints.sdc:47]
WARNING: [Vivado 12-646] clock 'clk' not found. [C:/Users/Dat Pham/Downloads/Source/timing_constraints.sdc:47]
CRITICAL WARNING: [Vivado 12-4739] set_input_delay:No valid object(s) found for '-objects [get_ports {w6_sha256[*]}]'. [C:/Users/Dat Pham/Downloads/Source/timing_constraints.sdc:47]
Resolution: Check if the specified object(s) exists in the current design. If it does, ensure that the correct design hierarchy was specified for the object. If you are working with clocks, make sure create_clock was used to create the clock object before it is referenced.
WARNING: [Vivado 12-584] No ports matched 'w6_sha256[*]'. [C:/Users/Dat Pham/Downloads/Source/timing_constraints.sdc:48]
WARNING: [Vivado 12-646] clock 'clk' not found. [C:/Users/Dat Pham/Downloads/Source/timing_constraints.sdc:48]
CRITICAL WARNING: [Vivado 12-4739] set_input_delay:No valid object(s) found for '-objects [get_ports {w6_sha256[*]}]'. [C:/Users/Dat Pham/Downloads/Source/timing_constraints.sdc:48]
Resolution: Check if the specified object(s) exists in the current design. If it does, ensure that the correct design hierarchy was specified for the object. If you are working with clocks, make sure create_clock was used to create the clock object before it is referenced.
WARNING: [Vivado 12-584] No ports matched 'w7_sha256[*]'. [C:/Users/Dat Pham/Downloads/Source/timing_constraints.sdc:49]
WARNING: [Vivado 12-646] clock 'clk' not found. [C:/Users/Dat Pham/Downloads/Source/timing_constraints.sdc:49]
CRITICAL WARNING: [Vivado 12-4739] set_input_delay:No valid object(s) found for '-objects [get_ports {w7_sha256[*]}]'. [C:/Users/Dat Pham/Downloads/Source/timing_constraints.sdc:49]
Resolution: Check if the specified object(s) exists in the current design. If it does, ensure that the correct design hierarchy was specified for the object. If you are working with clocks, make sure create_clock was used to create the clock object before it is referenced.
WARNING: [Vivado 12-584] No ports matched 'w7_sha256[*]'. [C:/Users/Dat Pham/Downloads/Source/timing_constraints.sdc:50]
WARNING: [Vivado 12-646] clock 'clk' not found. [C:/Users/Dat Pham/Downloads/Source/timing_constraints.sdc:50]
CRITICAL WARNING: [Vivado 12-4739] set_input_delay:No valid object(s) found for '-objects [get_ports {w7_sha256[*]}]'. [C:/Users/Dat Pham/Downloads/Source/timing_constraints.sdc:50]
Resolution: Check if the specified object(s) exists in the current design. If it does, ensure that the correct design hierarchy was specified for the object. If you are working with clocks, make sure create_clock was used to create the clock object before it is referenced.
WARNING: [Vivado 12-584] No ports matched 'w8_sha256[*]'. [C:/Users/Dat Pham/Downloads/Source/timing_constraints.sdc:51]
WARNING: [Vivado 12-646] clock 'clk' not found. [C:/Users/Dat Pham/Downloads/Source/timing_constraints.sdc:51]
CRITICAL WARNING: [Vivado 12-4739] set_input_delay:No valid object(s) found for '-objects [get_ports {w8_sha256[*]}]'. [C:/Users/Dat Pham/Downloads/Source/timing_constraints.sdc:51]
Resolution: Check if the specified object(s) exists in the current design. If it does, ensure that the correct design hierarchy was specified for the object. If you are working with clocks, make sure create_clock was used to create the clock object before it is referenced.
WARNING: [Vivado 12-584] No ports matched 'w8_sha256[*]'. [C:/Users/Dat Pham/Downloads/Source/timing_constraints.sdc:52]
WARNING: [Vivado 12-646] clock 'clk' not found. [C:/Users/Dat Pham/Downloads/Source/timing_constraints.sdc:52]
CRITICAL WARNING: [Vivado 12-4739] set_input_delay:No valid object(s) found for '-objects [get_ports {w8_sha256[*]}]'. [C:/Users/Dat Pham/Downloads/Source/timing_constraints.sdc:52]
Resolution: Check if the specified object(s) exists in the current design. If it does, ensure that the correct design hierarchy was specified for the object. If you are working with clocks, make sure create_clock was used to create the clock object before it is referenced.
WARNING: [Vivado 12-584] No ports matched 'w9_sha256[*]'. [C:/Users/Dat Pham/Downloads/Source/timing_constraints.sdc:53]
WARNING: [Vivado 12-646] clock 'clk' not found. [C:/Users/Dat Pham/Downloads/Source/timing_constraints.sdc:53]
CRITICAL WARNING: [Vivado 12-4739] set_input_delay:No valid object(s) found for '-objects [get_ports {w9_sha256[*]}]'. [C:/Users/Dat Pham/Downloads/Source/timing_constraints.sdc:53]
Resolution: Check if the specified object(s) exists in the current design. If it does, ensure that the correct design hierarchy was specified for the object. If you are working with clocks, make sure create_clock was used to create the clock object before it is referenced.
WARNING: [Vivado 12-584] No ports matched 'w9_sha256[*]'. [C:/Users/Dat Pham/Downloads/Source/timing_constraints.sdc:54]
WARNING: [Vivado 12-646] clock 'clk' not found. [C:/Users/Dat Pham/Downloads/Source/timing_constraints.sdc:54]
CRITICAL WARNING: [Vivado 12-4739] set_input_delay:No valid object(s) found for '-objects [get_ports {w9_sha256[*]}]'. [C:/Users/Dat Pham/Downloads/Source/timing_constraints.sdc:54]
Resolution: Check if the specified object(s) exists in the current design. If it does, ensure that the correct design hierarchy was specified for the object. If you are working with clocks, make sure create_clock was used to create the clock object before it is referenced.
WARNING: [Vivado 12-584] No ports matched 'w10_sha256[*]'. [C:/Users/Dat Pham/Downloads/Source/timing_constraints.sdc:55]
WARNING: [Vivado 12-646] clock 'clk' not found. [C:/Users/Dat Pham/Downloads/Source/timing_constraints.sdc:55]
CRITICAL WARNING: [Vivado 12-4739] set_input_delay:No valid object(s) found for '-objects [get_ports {w10_sha256[*]}]'. [C:/Users/Dat Pham/Downloads/Source/timing_constraints.sdc:55]
Resolution: Check if the specified object(s) exists in the current design. If it does, ensure that the correct design hierarchy was specified for the object. If you are working with clocks, make sure create_clock was used to create the clock object before it is referenced.
WARNING: [Vivado 12-584] No ports matched 'w10_sha256[*]'. [C:/Users/Dat Pham/Downloads/Source/timing_constraints.sdc:56]
WARNING: [Vivado 12-646] clock 'clk' not found. [C:/Users/Dat Pham/Downloads/Source/timing_constraints.sdc:56]
CRITICAL WARNING: [Vivado 12-4739] set_input_delay:No valid object(s) found for '-objects [get_ports {w10_sha256[*]}]'. [C:/Users/Dat Pham/Downloads/Source/timing_constraints.sdc:56]
Resolution: Check if the specified object(s) exists in the current design. If it does, ensure that the correct design hierarchy was specified for the object. If you are working with clocks, make sure create_clock was used to create the clock object before it is referenced.
WARNING: [Vivado 12-584] No ports matched 'w11_sha256[*]'. [C:/Users/Dat Pham/Downloads/Source/timing_constraints.sdc:57]
WARNING: [Vivado 12-646] clock 'clk' not found. [C:/Users/Dat Pham/Downloads/Source/timing_constraints.sdc:57]
CRITICAL WARNING: [Vivado 12-4739] set_input_delay:No valid object(s) found for '-objects [get_ports {w11_sha256[*]}]'. [C:/Users/Dat Pham/Downloads/Source/timing_constraints.sdc:57]
Resolution: Check if the specified object(s) exists in the current design. If it does, ensure that the correct design hierarchy was specified for the object. If you are working with clocks, make sure create_clock was used to create the clock object before it is referenced.
WARNING: [Vivado 12-584] No ports matched 'w11_sha256[*]'. [C:/Users/Dat Pham/Downloads/Source/timing_constraints.sdc:58]
WARNING: [Vivado 12-646] clock 'clk' not found. [C:/Users/Dat Pham/Downloads/Source/timing_constraints.sdc:58]
CRITICAL WARNING: [Vivado 12-4739] set_input_delay:No valid object(s) found for '-objects [get_ports {w11_sha256[*]}]'. [C:/Users/Dat Pham/Downloads/Source/timing_constraints.sdc:58]
Resolution: Check if the specified object(s) exists in the current design. If it does, ensure that the correct design hierarchy was specified for the object. If you are working with clocks, make sure create_clock was used to create the clock object before it is referenced.
WARNING: [Vivado 12-584] No ports matched 'w12_sha256[*]'. [C:/Users/Dat Pham/Downloads/Source/timing_constraints.sdc:59]
WARNING: [Vivado 12-646] clock 'clk' not found. [C:/Users/Dat Pham/Downloads/Source/timing_constraints.sdc:59]
CRITICAL WARNING: [Vivado 12-4739] set_input_delay:No valid object(s) found for '-objects [get_ports {w12_sha256[*]}]'. [C:/Users/Dat Pham/Downloads/Source/timing_constraints.sdc:59]
Resolution: Check if the specified object(s) exists in the current design. If it does, ensure that the correct design hierarchy was specified for the object. If you are working with clocks, make sure create_clock was used to create the clock object before it is referenced.
WARNING: [Vivado 12-584] No ports matched 'w12_sha256[*]'. [C:/Users/Dat Pham/Downloads/Source/timing_constraints.sdc:60]
WARNING: [Vivado 12-646] clock 'clk' not found. [C:/Users/Dat Pham/Downloads/Source/timing_constraints.sdc:60]
CRITICAL WARNING: [Vivado 12-4739] set_input_delay:No valid object(s) found for '-objects [get_ports {w12_sha256[*]}]'. [C:/Users/Dat Pham/Downloads/Source/timing_constraints.sdc:60]
Resolution: Check if the specified object(s) exists in the current design. If it does, ensure that the correct design hierarchy was specified for the object. If you are working with clocks, make sure create_clock was used to create the clock object before it is referenced.
WARNING: [Vivado 12-584] No ports matched 'w13_sha256[*]'. [C:/Users/Dat Pham/Downloads/Source/timing_constraints.sdc:61]
WARNING: [Vivado 12-646] clock 'clk' not found. [C:/Users/Dat Pham/Downloads/Source/timing_constraints.sdc:61]
CRITICAL WARNING: [Vivado 12-4739] set_input_delay:No valid object(s) found for '-objects [get_ports {w13_sha256[*]}]'. [C:/Users/Dat Pham/Downloads/Source/timing_constraints.sdc:61]
Resolution: Check if the specified object(s) exists in the current design. If it does, ensure that the correct design hierarchy was specified for the object. If you are working with clocks, make sure create_clock was used to create the clock object before it is referenced.
WARNING: [Vivado 12-584] No ports matched 'w13_sha256[*]'. [C:/Users/Dat Pham/Downloads/Source/timing_constraints.sdc:62]
WARNING: [Vivado 12-646] clock 'clk' not found. [C:/Users/Dat Pham/Downloads/Source/timing_constraints.sdc:62]
CRITICAL WARNING: [Vivado 12-4739] set_input_delay:No valid object(s) found for '-objects [get_ports {w13_sha256[*]}]'. [C:/Users/Dat Pham/Downloads/Source/timing_constraints.sdc:62]
Resolution: Check if the specified object(s) exists in the current design. If it does, ensure that the correct design hierarchy was specified for the object. If you are working with clocks, make sure create_clock was used to create the clock object before it is referenced.
WARNING: [Vivado 12-584] No ports matched 'w14_sha256[*]'. [C:/Users/Dat Pham/Downloads/Source/timing_constraints.sdc:63]
WARNING: [Vivado 12-646] clock 'clk' not found. [C:/Users/Dat Pham/Downloads/Source/timing_constraints.sdc:63]
CRITICAL WARNING: [Vivado 12-4739] set_input_delay:No valid object(s) found for '-objects [get_ports {w14_sha256[*]}]'. [C:/Users/Dat Pham/Downloads/Source/timing_constraints.sdc:63]
Resolution: Check if the specified object(s) exists in the current design. If it does, ensure that the correct design hierarchy was specified for the object. If you are working with clocks, make sure create_clock was used to create the clock object before it is referenced.
WARNING: [Vivado 12-584] No ports matched 'w14_sha256[*]'. [C:/Users/Dat Pham/Downloads/Source/timing_constraints.sdc:64]
WARNING: [Vivado 12-646] clock 'clk' not found. [C:/Users/Dat Pham/Downloads/Source/timing_constraints.sdc:64]
CRITICAL WARNING: [Vivado 12-4739] set_input_delay:No valid object(s) found for '-objects [get_ports {w14_sha256[*]}]'. [C:/Users/Dat Pham/Downloads/Source/timing_constraints.sdc:64]
Resolution: Check if the specified object(s) exists in the current design. If it does, ensure that the correct design hierarchy was specified for the object. If you are working with clocks, make sure create_clock was used to create the clock object before it is referenced.
WARNING: [Vivado 12-584] No ports matched 'w15_sha256[*]'. [C:/Users/Dat Pham/Downloads/Source/timing_constraints.sdc:65]
WARNING: [Vivado 12-646] clock 'clk' not found. [C:/Users/Dat Pham/Downloads/Source/timing_constraints.sdc:65]
CRITICAL WARNING: [Vivado 12-4739] set_input_delay:No valid object(s) found for '-objects [get_ports {w15_sha256[*]}]'. [C:/Users/Dat Pham/Downloads/Source/timing_constraints.sdc:65]
Resolution: Check if the specified object(s) exists in the current design. If it does, ensure that the correct design hierarchy was specified for the object. If you are working with clocks, make sure create_clock was used to create the clock object before it is referenced.
WARNING: [Vivado 12-584] No ports matched 'w15_sha256[*]'. [C:/Users/Dat Pham/Downloads/Source/timing_constraints.sdc:66]
WARNING: [Vivado 12-646] clock 'clk' not found. [C:/Users/Dat Pham/Downloads/Source/timing_constraints.sdc:66]
CRITICAL WARNING: [Vivado 12-4739] set_input_delay:No valid object(s) found for '-objects [get_ports {w15_sha256[*]}]'. [C:/Users/Dat Pham/Downloads/Source/timing_constraints.sdc:66]
Resolution: Check if the specified object(s) exists in the current design. If it does, ensure that the correct design hierarchy was specified for the object. If you are working with clocks, make sure create_clock was used to create the clock object before it is referenced.
WARNING: [Vivado 12-584] No ports matched 'DMAD_addr_in[*]'. [C:/Users/Dat Pham/Downloads/Source/timing_constraints.sdc:69]
WARNING: [Vivado 12-646] clock 'clk' not found. [C:/Users/Dat Pham/Downloads/Source/timing_constraints.sdc:69]
CRITICAL WARNING: [Vivado 12-4739] set_input_delay:No valid object(s) found for '-objects [get_ports {DMAD_addr_in[*]}]'. [C:/Users/Dat Pham/Downloads/Source/timing_constraints.sdc:69]
Resolution: Check if the specified object(s) exists in the current design. If it does, ensure that the correct design hierarchy was specified for the object. If you are working with clocks, make sure create_clock was used to create the clock object before it is referenced.
WARNING: [Vivado 12-584] No ports matched 'DMAD_addr_in[*]'. [C:/Users/Dat Pham/Downloads/Source/timing_constraints.sdc:70]
WARNING: [Vivado 12-646] clock 'clk' not found. [C:/Users/Dat Pham/Downloads/Source/timing_constraints.sdc:70]
CRITICAL WARNING: [Vivado 12-4739] set_input_delay:No valid object(s) found for '-objects [get_ports {DMAD_addr_in[*]}]'. [C:/Users/Dat Pham/Downloads/Source/timing_constraints.sdc:70]
Resolution: Check if the specified object(s) exists in the current design. If it does, ensure that the correct design hierarchy was specified for the object. If you are working with clocks, make sure create_clock was used to create the clock object before it is referenced.
WARNING: [Vivado 12-584] No ports matched 'DMAD_data_in[*]'. [C:/Users/Dat Pham/Downloads/Source/timing_constraints.sdc:71]
WARNING: [Vivado 12-646] clock 'clk' not found. [C:/Users/Dat Pham/Downloads/Source/timing_constraints.sdc:71]
CRITICAL WARNING: [Vivado 12-4739] set_input_delay:No valid object(s) found for '-objects [get_ports {DMAD_data_in[*]}]'. [C:/Users/Dat Pham/Downloads/Source/timing_constraints.sdc:71]
Resolution: Check if the specified object(s) exists in the current design. If it does, ensure that the correct design hierarchy was specified for the object. If you are working with clocks, make sure create_clock was used to create the clock object before it is referenced.
WARNING: [Vivado 12-584] No ports matched 'DMAD_data_in[*]'. [C:/Users/Dat Pham/Downloads/Source/timing_constraints.sdc:72]
WARNING: [Vivado 12-646] clock 'clk' not found. [C:/Users/Dat Pham/Downloads/Source/timing_constraints.sdc:72]
CRITICAL WARNING: [Vivado 12-4739] set_input_delay:No valid object(s) found for '-objects [get_ports {DMAD_data_in[*]}]'. [C:/Users/Dat Pham/Downloads/Source/timing_constraints.sdc:72]
Resolution: Check if the specified object(s) exists in the current design. If it does, ensure that the correct design hierarchy was specified for the object. If you are working with clocks, make sure create_clock was used to create the clock object before it is referenced.
WARNING: [Vivado 12-584] No ports matched 'DMAD_wea_in[*]'. [C:/Users/Dat Pham/Downloads/Source/timing_constraints.sdc:73]
WARNING: [Vivado 12-646] clock 'clk' not found. [C:/Users/Dat Pham/Downloads/Source/timing_constraints.sdc:73]
CRITICAL WARNING: [Vivado 12-4739] set_input_delay:No valid object(s) found for '-objects [get_ports {DMAD_wea_in[*]}]'. [C:/Users/Dat Pham/Downloads/Source/timing_constraints.sdc:73]
Resolution: Check if the specified object(s) exists in the current design. If it does, ensure that the correct design hierarchy was specified for the object. If you are working with clocks, make sure create_clock was used to create the clock object before it is referenced.
WARNING: [Vivado 12-584] No ports matched 'DMAD_wea_in[*]'. [C:/Users/Dat Pham/Downloads/Source/timing_constraints.sdc:74]
WARNING: [Vivado 12-646] clock 'clk' not found. [C:/Users/Dat Pham/Downloads/Source/timing_constraints.sdc:74]
CRITICAL WARNING: [Vivado 12-4739] set_input_delay:No valid object(s) found for '-objects [get_ports {DMAD_wea_in[*]}]'. [C:/Users/Dat Pham/Downloads/Source/timing_constraints.sdc:74]
Resolution: Check if the specified object(s) exists in the current design. If it does, ensure that the correct design hierarchy was specified for the object. If you are working with clocks, make sure create_clock was used to create the clock object before it is referenced.
WARNING: [Vivado 12-584] No ports matched 'DMAI_addr_in[*]'. [C:/Users/Dat Pham/Downloads/Source/timing_constraints.sdc:75]
WARNING: [Vivado 12-646] clock 'clk' not found. [C:/Users/Dat Pham/Downloads/Source/timing_constraints.sdc:75]
CRITICAL WARNING: [Vivado 12-4739] set_input_delay:No valid object(s) found for '-objects [get_ports {DMAI_addr_in[*]}]'. [C:/Users/Dat Pham/Downloads/Source/timing_constraints.sdc:75]
Resolution: Check if the specified object(s) exists in the current design. If it does, ensure that the correct design hierarchy was specified for the object. If you are working with clocks, make sure create_clock was used to create the clock object before it is referenced.
WARNING: [Vivado 12-584] No ports matched 'DMAI_addr_in[*]'. [C:/Users/Dat Pham/Downloads/Source/timing_constraints.sdc:76]
WARNING: [Vivado 12-646] clock 'clk' not found. [C:/Users/Dat Pham/Downloads/Source/timing_constraints.sdc:76]
CRITICAL WARNING: [Vivado 12-4739] set_input_delay:No valid object(s) found for '-objects [get_ports {DMAI_addr_in[*]}]'. [C:/Users/Dat Pham/Downloads/Source/timing_constraints.sdc:76]
Resolution: Check if the specified object(s) exists in the current design. If it does, ensure that the correct design hierarchy was specified for the object. If you are working with clocks, make sure create_clock was used to create the clock object before it is referenced.
WARNING: [Vivado 12-584] No ports matched 'DMAI_data_in[*]'. [C:/Users/Dat Pham/Downloads/Source/timing_constraints.sdc:77]
WARNING: [Vivado 12-646] clock 'clk' not found. [C:/Users/Dat Pham/Downloads/Source/timing_constraints.sdc:77]
CRITICAL WARNING: [Vivado 12-4739] set_input_delay:No valid object(s) found for '-objects [get_ports {DMAI_data_in[*]}]'. [C:/Users/Dat Pham/Downloads/Source/timing_constraints.sdc:77]
Resolution: Check if the specified object(s) exists in the current design. If it does, ensure that the correct design hierarchy was specified for the object. If you are working with clocks, make sure create_clock was used to create the clock object before it is referenced.
WARNING: [Vivado 12-584] No ports matched 'DMAI_data_in[*]'. [C:/Users/Dat Pham/Downloads/Source/timing_constraints.sdc:78]
WARNING: [Vivado 12-646] clock 'clk' not found. [C:/Users/Dat Pham/Downloads/Source/timing_constraints.sdc:78]
CRITICAL WARNING: [Vivado 12-4739] set_input_delay:No valid object(s) found for '-objects [get_ports {DMAI_data_in[*]}]'. [C:/Users/Dat Pham/Downloads/Source/timing_constraints.sdc:78]
Resolution: Check if the specified object(s) exists in the current design. If it does, ensure that the correct design hierarchy was specified for the object. If you are working with clocks, make sure create_clock was used to create the clock object before it is referenced.
WARNING: [Vivado 12-584] No ports matched 'DMAI_wea_in[*]'. [C:/Users/Dat Pham/Downloads/Source/timing_constraints.sdc:79]
WARNING: [Vivado 12-646] clock 'clk' not found. [C:/Users/Dat Pham/Downloads/Source/timing_constraints.sdc:79]
CRITICAL WARNING: [Vivado 12-4739] set_input_delay:No valid object(s) found for '-objects [get_ports {DMAI_wea_in[*]}]'. [C:/Users/Dat Pham/Downloads/Source/timing_constraints.sdc:79]
Resolution: Check if the specified object(s) exists in the current design. If it does, ensure that the correct design hierarchy was specified for the object. If you are working with clocks, make sure create_clock was used to create the clock object before it is referenced.
WARNING: [Vivado 12-584] No ports matched 'DMAI_wea_in[*]'. [C:/Users/Dat Pham/Downloads/Source/timing_constraints.sdc:80]
WARNING: [Vivado 12-646] clock 'clk' not found. [C:/Users/Dat Pham/Downloads/Source/timing_constraints.sdc:80]
CRITICAL WARNING: [Vivado 12-4739] set_input_delay:No valid object(s) found for '-objects [get_ports {DMAI_wea_in[*]}]'. [C:/Users/Dat Pham/Downloads/Source/timing_constraints.sdc:80]
Resolution: Check if the specified object(s) exists in the current design. If it does, ensure that the correct design hierarchy was specified for the object. If you are working with clocks, make sure create_clock was used to create the clock object before it is referenced.
WARNING: [Vivado 12-584] No ports matched 'sha256_result[*]'. [C:/Users/Dat Pham/Downloads/Source/timing_constraints.sdc:83]
WARNING: [Vivado 12-646] clock 'clk' not found. [C:/Users/Dat Pham/Downloads/Source/timing_constraints.sdc:83]
CRITICAL WARNING: [Vivado 12-4739] set_output_delay:No valid object(s) found for '-objects [get_ports {sha256_result[*]}]'. [C:/Users/Dat Pham/Downloads/Source/timing_constraints.sdc:83]
Resolution: Check if the specified object(s) exists in the current design. If it does, ensure that the correct design hierarchy was specified for the object. If you are working with clocks, make sure create_clock was used to create the clock object before it is referenced.
WARNING: [Vivado 12-584] No ports matched 'sha256_result[*]'. [C:/Users/Dat Pham/Downloads/Source/timing_constraints.sdc:84]
WARNING: [Vivado 12-646] clock 'clk' not found. [C:/Users/Dat Pham/Downloads/Source/timing_constraints.sdc:84]
CRITICAL WARNING: [Vivado 12-4739] set_output_delay:No valid object(s) found for '-objects [get_ports {sha256_result[*]}]'. [C:/Users/Dat Pham/Downloads/Source/timing_constraints.sdc:84]
Resolution: Check if the specified object(s) exists in the current design. If it does, ensure that the correct design hierarchy was specified for the object. If you are working with clocks, make sure create_clock was used to create the clock object before it is referenced.
WARNING: [Vivado 12-584] No ports matched 'sha256_valid'. [C:/Users/Dat Pham/Downloads/Source/timing_constraints.sdc:85]
WARNING: [Vivado 12-646] clock 'clk' not found. [C:/Users/Dat Pham/Downloads/Source/timing_constraints.sdc:85]
CRITICAL WARNING: [Vivado 12-4739] set_output_delay:No valid object(s) found for '-objects [get_ports sha256_valid]'. [C:/Users/Dat Pham/Downloads/Source/timing_constraints.sdc:85]
Resolution: Check if the specified object(s) exists in the current design. If it does, ensure that the correct design hierarchy was specified for the object. If you are working with clocks, make sure create_clock was used to create the clock object before it is referenced.
WARNING: [Vivado 12-584] No ports matched 'sha256_valid'. [C:/Users/Dat Pham/Downloads/Source/timing_constraints.sdc:86]
WARNING: [Vivado 12-646] clock 'clk' not found. [C:/Users/Dat Pham/Downloads/Source/timing_constraints.sdc:86]
CRITICAL WARNING: [Vivado 12-4739] set_output_delay:No valid object(s) found for '-objects [get_ports sha256_valid]'. [C:/Users/Dat Pham/Downloads/Source/timing_constraints.sdc:86]
Resolution: Check if the specified object(s) exists in the current design. If it does, ensure that the correct design hierarchy was specified for the object. If you are working with clocks, make sure create_clock was used to create the clock object before it is referenced.
WARNING: [Vivado 12-584] No ports matched 'reset'. [C:/Users/Dat Pham/Downloads/Source/timing_constraints.sdc:89]
CRITICAL WARNING: [Vivado 12-4739] set_false_path:No valid object(s) found for '-from [get_ports reset]'. [C:/Users/Dat Pham/Downloads/Source/timing_constraints.sdc:89]
Resolution: Check if the specified object(s) exists in the current design. If it does, ensure that the correct design hierarchy was specified for the object. If you are working with clocks, make sure create_clock was used to create the clock object before it is referenced.
CRITICAL WARNING: [Designutils 20-1307] Command 'set_max_fanout' is not supported in the xdc constraint file. [C:/Users/Dat Pham/Downloads/Source/timing_constraints.sdc:92]
CRITICAL WARNING: [Designutils 20-1307] Command 'set_max_transition' is not supported in the xdc constraint file. [C:/Users/Dat Pham/Downloads/Source/timing_constraints.sdc:93]
CRITICAL WARNING: [Designutils 20-1307] Command 'set_max_capacitance' is not supported in the xdc constraint file. [C:/Users/Dat Pham/Downloads/Source/timing_constraints.sdc:94]
WARNING: [Vivado 12-508] No pins matched '*reg*/Q'. [C:/Users/Dat Pham/Downloads/Source/timing_constraints.sdc:97]
CRITICAL WARNING: [Vivado 12-4739] set_multicycle_path:No valid object(s) found for '-through [get_pins -hierarchical *reg*/Q]'. [C:/Users/Dat Pham/Downloads/Source/timing_constraints.sdc:97]
Resolution: Check if the specified object(s) exists in the current design. If it does, ensure that the correct design hierarchy was specified for the object. If you are working with clocks, make sure create_clock was used to create the clock object before it is referenced.
WARNING: [Vivado 12-508] No pins matched '*reg*/Q'. [C:/Users/Dat Pham/Downloads/Source/timing_constraints.sdc:98]
CRITICAL WARNING: [Vivado 12-4739] set_multicycle_path:No valid object(s) found for '-through [get_pins -hierarchical *reg*/Q]'. [C:/Users/Dat Pham/Downloads/Source/timing_constraints.sdc:98]
Resolution: Check if the specified object(s) exists in the current design. If it does, ensure that the correct design hierarchy was specified for the object. If you are working with clocks, make sure create_clock was used to create the clock object before it is referenced.
WARNING: [Vivado 12-584] No ports matched 'A_i[*]'. [C:/Users/Dat Pham/Downloads/Source/timing_constraints.sdc:101]
WARNING: [Vivado 12-584] No ports matched 'B_i[*]'. [C:/Users/Dat Pham/Downloads/Source/timing_constraints.sdc:101]
WARNING: [Vivado 12-584] No ports matched 'C_i[*]'. [C:/Users/Dat Pham/Downloads/Source/timing_constraints.sdc:101]
WARNING: [Vivado 12-584] No ports matched 'D_i[*]'. [C:/Users/Dat Pham/Downloads/Source/timing_constraints.sdc:101]
WARNING: [Vivado 12-584] No ports matched 'E_i[*]'. [C:/Users/Dat Pham/Downloads/Source/timing_constraints.sdc:101]
WARNING: [Vivado 12-584] No ports matched 'F_i[*]'. [C:/Users/Dat Pham/Downloads/Source/timing_constraints.sdc:101]
WARNING: [Vivado 12-584] No ports matched 'G_i[*]'. [C:/Users/Dat Pham/Downloads/Source/timing_constraints.sdc:101]
WARNING: [Vivado 12-584] No ports matched 'H_i[*]'. [C:/Users/Dat Pham/Downloads/Source/timing_constraints.sdc:101]
WARNING: [Vivado 12-584] No ports matched 'sha256_result[*]'. [C:/Users/Dat Pham/Downloads/Source/timing_constraints.sdc:101]
WARNING: [Vivado 12-584] No ports matched 'sha256_valid'. [C:/Users/Dat Pham/Downloads/Source/timing_constraints.sdc:101]
CRITICAL WARNING: [Vivado 12-4739] group_path:No valid object(s) found for '-from [get_ports {{A_i[*]} {B_i[*]} {C_i[*]} {D_i[*]} {E_i[*]} {F_i[*]} {G_i[*]} {H_i[*]}}]'. [C:/Users/Dat Pham/Downloads/Source/timing_constraints.sdc:101]
Resolution: Check if the specified object(s) exists in the current design. If it does, ensure that the correct design hierarchy was specified for the object. If you are working with clocks, make sure create_clock was used to create the clock object before it is referenced.
WARNING: [Vivado 12-584] No ports matched 'w*_sha256[*]'. [C:/Users/Dat Pham/Downloads/Source/timing_constraints.sdc:102]
WARNING: [Vivado 12-584] No ports matched 'sha256_result[*]'. [C:/Users/Dat Pham/Downloads/Source/timing_constraints.sdc:102]
WARNING: [Vivado 12-584] No ports matched 'sha256_valid'. [C:/Users/Dat Pham/Downloads/Source/timing_constraints.sdc:102]
CRITICAL WARNING: [Vivado 12-4739] group_path:No valid object(s) found for '-from [get_ports {w*_sha256[*]}]'. [C:/Users/Dat Pham/Downloads/Source/timing_constraints.sdc:102]
Resolution: Check if the specified object(s) exists in the current design. If it does, ensure that the correct design hierarchy was specified for the object. If you are working with clocks, make sure create_clock was used to create the clock object before it is referenced.
WARNING: [Vivado 12-584] No ports matched 'reset'. [C:/Users/Dat Pham/Downloads/Source/timing_constraints.sdc:105]
CRITICAL WARNING: [Vivado 12-4739] set_case_analysis:No valid object(s) found for '-objects [get_ports reset]'. [C:/Users/Dat Pham/Downloads/Source/timing_constraints.sdc:105]
Resolution: Check if the specified object(s) exists in the current design. If it does, ensure that the correct design hierarchy was specified for the object. If you are working with clocks, make sure create_clock was used to create the clock object before it is referenced.
Finished Parsing XDC File [C:/Users/Dat Pham/Downloads/Source/timing_constraints.sdc]
Parsing XDC File [C:/Users/Dat Pham/Downloads/Source/timing_constraints.xdc]
WARNING: [Vivado 12-584] No ports matched 'clk'. [C:/Users/Dat Pham/Downloads/Source/timing_constraints.xdc:5]
WARNING: [Vivado 12-2489] -waveform contains time 1.428500 which will be rounded to 1.429 to ensure it is an integer multiple of 1 picosecond [C:/Users/Dat Pham/Downloads/Source/timing_constraints.xdc:5]
CRITICAL WARNING: [Vivado 12-4739] create_clock:No valid object(s) found for '-objects [get_ports clk]'. [C:/Users/Dat Pham/Downloads/Source/timing_constraints.xdc:5]
Resolution: Check if the specified object(s) exists in the current design. If it does, ensure that the correct design hierarchy was specified for the object. If you are working with clocks, make sure create_clock was used to create the clock object before it is referenced.
WARNING: [Vivado 12-627] No clocks matched 'clk'. [C:/Users/Dat Pham/Downloads/Source/timing_constraints.xdc:8]
INFO: [Vivado 12-626] No clocks found. Please use 'create_clock' or 'create_generated_clock' command to create clocks. [C:/Users/Dat Pham/Downloads/Source/timing_constraints.xdc:8]
CRITICAL WARNING: [Vivado 12-4739] set_clock_uncertainty:No valid object(s) found for '-objects [get_clocks clk]'. [C:/Users/Dat Pham/Downloads/Source/timing_constraints.xdc:8]
Resolution: Check if the specified object(s) exists in the current design. If it does, ensure that the correct design hierarchy was specified for the object. If you are working with clocks, make sure create_clock was used to create the clock object before it is referenced.
WARNING: [Vivado 12-584] No ports matched 'reset'. [C:/Users/Dat Pham/Downloads/Source/timing_constraints.xdc:11]
WARNING: [Vivado 12-584] No ports matched 'start_in'. [C:/Users/Dat Pham/Downloads/Source/timing_constraints.xdc:11]
WARNING: [Vivado 12-646] clock 'clk' not found. [C:/Users/Dat Pham/Downloads/Source/timing_constraints.xdc:11]
CRITICAL WARNING: [Vivado 12-4739] set_input_delay:No valid object(s) found for '-objects [get_ports {reset start_in}]'. [C:/Users/Dat Pham/Downloads/Source/timing_constraints.xdc:11]
Resolution: Check if the specified object(s) exists in the current design. If it does, ensure that the correct design hierarchy was specified for the object. If you are working with clocks, make sure create_clock was used to create the clock object before it is referenced.
WARNING: [Vivado 12-584] No ports matched 'reset'. [C:/Users/Dat Pham/Downloads/Source/timing_constraints.xdc:12]
WARNING: [Vivado 12-584] No ports matched 'start_in'. [C:/Users/Dat Pham/Downloads/Source/timing_constraints.xdc:12]
WARNING: [Vivado 12-646] clock 'clk' not found. [C:/Users/Dat Pham/Downloads/Source/timing_constraints.xdc:12]
CRITICAL WARNING: [Vivado 12-4739] set_input_delay:No valid object(s) found for '-objects [get_ports {reset start_in}]'. [C:/Users/Dat Pham/Downloads/Source/timing_constraints.xdc:12]
Resolution: Check if the specified object(s) exists in the current design. If it does, ensure that the correct design hierarchy was specified for the object. If you are working with clocks, make sure create_clock was used to create the clock object before it is referenced.
WARNING: [Vivado 12-584] No ports matched 'A_i[*]'. [C:/Users/Dat Pham/Downloads/Source/timing_constraints.xdc:15]
WARNING: [Vivado 12-584] No ports matched 'B_i[*]'. [C:/Users/Dat Pham/Downloads/Source/timing_constraints.xdc:15]
WARNING: [Vivado 12-584] No ports matched 'C_i[*]'. [C:/Users/Dat Pham/Downloads/Source/timing_constraints.xdc:15]
WARNING: [Vivado 12-584] No ports matched 'D_i[*]'. [C:/Users/Dat Pham/Downloads/Source/timing_constraints.xdc:15]
WARNING: [Vivado 12-584] No ports matched 'E_i[*]'. [C:/Users/Dat Pham/Downloads/Source/timing_constraints.xdc:15]
WARNING: [Vivado 12-584] No ports matched 'F_i[*]'. [C:/Users/Dat Pham/Downloads/Source/timing_constraints.xdc:15]
WARNING: [Vivado 12-584] No ports matched 'G_i[*]'. [C:/Users/Dat Pham/Downloads/Source/timing_constraints.xdc:15]
WARNING: [Vivado 12-584] No ports matched 'H_i[*]'. [C:/Users/Dat Pham/Downloads/Source/timing_constraints.xdc:15]
WARNING: [Vivado 12-646] clock 'clk' not found. [C:/Users/Dat Pham/Downloads/Source/timing_constraints.xdc:15]
CRITICAL WARNING: [Vivado 12-4739] set_input_delay:No valid object(s) found for '-objects [get_ports {{A_i[*]} {B_i[*]} {C_i[*]} {D_i[*]} {E_i[*]} {F_i[*]} {G_i[*]} {H_i[*]}}]'. [C:/Users/Dat Pham/Downloads/Source/timing_constraints.xdc:15]
Resolution: Check if the specified object(s) exists in the current design. If it does, ensure that the correct design hierarchy was specified for the object. If you are working with clocks, make sure create_clock was used to create the clock object before it is referenced.
WARNING: [Vivado 12-584] No ports matched 'A_i[*]'. [C:/Users/Dat Pham/Downloads/Source/timing_constraints.xdc:16]
WARNING: [Vivado 12-584] No ports matched 'B_i[*]'. [C:/Users/Dat Pham/Downloads/Source/timing_constraints.xdc:16]
WARNING: [Vivado 12-584] No ports matched 'C_i[*]'. [C:/Users/Dat Pham/Downloads/Source/timing_constraints.xdc:16]
INFO: [Common 17-14] Message 'Vivado 12-584' appears 100 times and further instances of the messages will be disabled. Use the Tcl command set_msg_config to change the current settings. [C:/Users/Dat Pham/Downloads/Source/timing_constraints.xdc:16]
WARNING: [Vivado 12-646] clock 'clk' not found. [C:/Users/Dat Pham/Downloads/Source/timing_constraints.xdc:16]
CRITICAL WARNING: [Vivado 12-4739] set_input_delay:No valid object(s) found for '-objects [get_ports {{A_i[*]} {B_i[*]} {C_i[*]} {D_i[*]} {E_i[*]} {F_i[*]} {G_i[*]} {H_i[*]}}]'. [C:/Users/Dat Pham/Downloads/Source/timing_constraints.xdc:16]
Resolution: Check if the specified object(s) exists in the current design. If it does, ensure that the correct design hierarchy was specified for the object. If you are working with clocks, make sure create_clock was used to create the clock object before it is referenced.
WARNING: [Vivado 12-646] clock 'clk' not found. [C:/Users/Dat Pham/Downloads/Source/timing_constraints.xdc:19]
CRITICAL WARNING: [Vivado 12-4739] set_input_delay:No valid object(s) found for '-objects [get_ports {w*_sha256[*]}]'. [C:/Users/Dat Pham/Downloads/Source/timing_constraints.xdc:19]
Resolution: Check if the specified object(s) exists in the current design. If it does, ensure that the correct design hierarchy was specified for the object. If you are working with clocks, make sure create_clock was used to create the clock object before it is referenced.
WARNING: [Vivado 12-646] clock 'clk' not found. [C:/Users/Dat Pham/Downloads/Source/timing_constraints.xdc:20]
CRITICAL WARNING: [Vivado 12-4739] set_input_delay:No valid object(s) found for '-objects [get_ports {w*_sha256[*]}]'. [C:/Users/Dat Pham/Downloads/Source/timing_constraints.xdc:20]
Resolution: Check if the specified object(s) exists in the current design. If it does, ensure that the correct design hierarchy was specified for the object. If you are working with clocks, make sure create_clock was used to create the clock object before it is referenced.
WARNING: [Vivado 12-646] clock 'clk' not found. [C:/Users/Dat Pham/Downloads/Source/timing_constraints.xdc:23]
CRITICAL WARNING: [Vivado 12-4739] set_input_delay:No valid object(s) found for '-objects [get_ports {{DMAD_addr_in[*]} {DMAD_data_in[*]} {DMAD_wea_in[*]}}]'. [C:/Users/Dat Pham/Downloads/Source/timing_constraints.xdc:23]
Resolution: Check if the specified object(s) exists in the current design. If it does, ensure that the correct design hierarchy was specified for the object. If you are working with clocks, make sure create_clock was used to create the clock object before it is referenced.
WARNING: [Vivado 12-646] clock 'clk' not found. [C:/Users/Dat Pham/Downloads/Source/timing_constraints.xdc:24]
CRITICAL WARNING: [Vivado 12-4739] set_input_delay:No valid object(s) found for '-objects [get_ports {{DMAD_addr_in[*]} {DMAD_data_in[*]} {DMAD_wea_in[*]}}]'. [C:/Users/Dat Pham/Downloads/Source/timing_constraints.xdc:24]
Resolution: Check if the specified object(s) exists in the current design. If it does, ensure that the correct design hierarchy was specified for the object. If you are working with clocks, make sure create_clock was used to create the clock object before it is referenced.
WARNING: [Vivado 12-646] clock 'clk' not found. [C:/Users/Dat Pham/Downloads/Source/timing_constraints.xdc:25]
CRITICAL WARNING: [Vivado 12-4739] set_input_delay:No valid object(s) found for '-objects [get_ports {{DMAI_addr_in[*]} {DMAI_data_in[*]} {DMAI_wea_in[*]}}]'. [C:/Users/Dat Pham/Downloads/Source/timing_constraints.xdc:25]
Resolution: Check if the specified object(s) exists in the current design. If it does, ensure that the correct design hierarchy was specified for the object. If you are working with clocks, make sure create_clock was used to create the clock object before it is referenced.
WARNING: [Vivado 12-646] clock 'clk' not found. [C:/Users/Dat Pham/Downloads/Source/timing_constraints.xdc:26]
CRITICAL WARNING: [Vivado 12-4739] set_input_delay:No valid object(s) found for '-objects [get_ports {{DMAI_addr_in[*]} {DMAI_data_in[*]} {DMAI_wea_in[*]}}]'. [C:/Users/Dat Pham/Downloads/Source/timing_constraints.xdc:26]
Resolution: Check if the specified object(s) exists in the current design. If it does, ensure that the correct design hierarchy was specified for the object. If you are working with clocks, make sure create_clock was used to create the clock object before it is referenced.
WARNING: [Vivado 12-646] clock 'clk' not found. [C:/Users/Dat Pham/Downloads/Source/timing_constraints.xdc:29]
CRITICAL WARNING: [Vivado 12-4739] set_output_delay:No valid object(s) found for '-objects [get_ports {sha256_result[*]}]'. [C:/Users/Dat Pham/Downloads/Source/timing_constraints.xdc:29]
Resolution: Check if the specified object(s) exists in the current design. If it does, ensure that the correct design hierarchy was specified for the object. If you are working with clocks, make sure create_clock was used to create the clock object before it is referenced.
WARNING: [Vivado 12-646] clock 'clk' not found. [C:/Users/Dat Pham/Downloads/Source/timing_constraints.xdc:30]
CRITICAL WARNING: [Vivado 12-4739] set_output_delay:No valid object(s) found for '-objects [get_ports {sha256_result[*]}]'. [C:/Users/Dat Pham/Downloads/Source/timing_constraints.xdc:30]
Resolution: Check if the specified object(s) exists in the current design. If it does, ensure that the correct design hierarchy was specified for the object. If you are working with clocks, make sure create_clock was used to create the clock object before it is referenced.
WARNING: [Vivado 12-646] clock 'clk' not found. [C:/Users/Dat Pham/Downloads/Source/timing_constraints.xdc:31]
CRITICAL WARNING: [Vivado 12-4739] set_output_delay:No valid object(s) found for '-objects [get_ports sha256_valid]'. [C:/Users/Dat Pham/Downloads/Source/timing_constraints.xdc:31]
Resolution: Check if the specified object(s) exists in the current design. If it does, ensure that the correct design hierarchy was specified for the object. If you are working with clocks, make sure create_clock was used to create the clock object before it is referenced.
WARNING: [Vivado 12-646] clock 'clk' not found. [C:/Users/Dat Pham/Downloads/Source/timing_constraints.xdc:32]
CRITICAL WARNING: [Vivado 12-4739] set_output_delay:No valid object(s) found for '-objects [get_ports sha256_valid]'. [C:/Users/Dat Pham/Downloads/Source/timing_constraints.xdc:32]
Resolution: Check if the specified object(s) exists in the current design. If it does, ensure that the correct design hierarchy was specified for the object. If you are working with clocks, make sure create_clock was used to create the clock object before it is referenced.
CRITICAL WARNING: [Vivado 12-4739] set_false_path:No valid object(s) found for '-from [get_ports reset]'. [C:/Users/Dat Pham/Downloads/Source/timing_constraints.xdc:35]
Resolution: Check if the specified object(s) exists in the current design. If it does, ensure that the correct design hierarchy was specified for the object. If you are working with clocks, make sure create_clock was used to create the clock object before it is referenced.
CRITICAL WARNING: [Designutils 20-1307] Command 'set_max_fanout' is not supported in the xdc constraint file. [C:/Users/Dat Pham/Downloads/Source/timing_constraints.xdc:38]
CRITICAL WARNING: [Designutils 20-1307] Command 'set_max_transition' is not supported in the xdc constraint file. [C:/Users/Dat Pham/Downloads/Source/timing_constraints.xdc:41]
WARNING: [Vivado 12-508] No pins matched '*reg*/D'. [C:/Users/Dat Pham/Downloads/Source/timing_constraints.xdc:44]
CRITICAL WARNING: [Vivado 12-4739] set_multicycle_path:No valid object(s) found for '-to [get_pins *reg*/D]'. [C:/Users/Dat Pham/Downloads/Source/timing_constraints.xdc:44]
Resolution: Check if the specified object(s) exists in the current design. If it does, ensure that the correct design hierarchy was specified for the object. If you are working with clocks, make sure create_clock was used to create the clock object before it is referenced.
WARNING: [Vivado 12-508] No pins matched '*reg*/D'. [C:/Users/Dat Pham/Downloads/Source/timing_constraints.xdc:45]
CRITICAL WARNING: [Vivado 12-4739] set_multicycle_path:No valid object(s) found for '-to [get_pins *reg*/D]'. [C:/Users/Dat Pham/Downloads/Source/timing_constraints.xdc:45]
Resolution: Check if the specified object(s) exists in the current design. If it does, ensure that the correct design hierarchy was specified for the object. If you are working with clocks, make sure create_clock was used to create the clock object before it is referenced.
CRITICAL WARNING: [Vivado 12-4739] set_case_analysis:No valid object(s) found for '-objects [get_ports reset]'. [C:/Users/Dat Pham/Downloads/Source/timing_constraints.xdc:48]
Resolution: Check if the specified object(s) exists in the current design. If it does, ensure that the correct design hierarchy was specified for the object. If you are working with clocks, make sure create_clock was used to create the clock object before it is referenced.
Finished Parsing XDC File [C:/Users/Dat Pham/Downloads/Source/timing_constraints.xdc]
INFO: [Opt 31-138] Pushed 0 inverter(s) to 0 load pin(s).
Netlist sorting complete. Time (s): cpu = 00:00:00 ; elapsed = 00:00:00 . Memory (MB): peak = 1668.602 ; gain = 0.000
INFO: [Project 1-111] Unisim Transformation Summary:
No Unisim elements were transformed.

9 Infos, 187 Warnings, 99 Critical Warnings and 0 Errors encountered.
link_design completed successfully
link_design: Time (s): cpu = 00:00:15 ; elapsed = 00:00:19 . Memory (MB): peak = 1668.602 ; gain = 595.301
Command: opt_design -directive ExploreArea
INFO: [Vivado_Tcl 4-136] Directive used for opt_design is: ExploreArea
Attempting to get a license for feature 'Implementation' and/or device 'xczu9eg'
INFO: [Common 17-349] Got license for feature 'Implementation' and/or device 'xczu9eg'
Running DRC as a precondition to command opt_design

Starting DRC Task
INFO: [DRC 23-27] Running DRC with 2 threads
INFO: [Project 1-461] DRC finished with 0 Errors
INFO: [Project 1-462] Please refer to the DRC report (report_drc) for more information.

Time (s): cpu = 00:00:00 ; elapsed = 00:00:00.534 . Memory (MB): peak = 1671.621 ; gain = 3.020

Starting Cache Timing Information Task
INFO: [Timing 38-35] Done setting XDC timing constraints.
Ending Cache Timing Information Task | Checksum: 09dd05de

Time (s): cpu = 00:00:00 ; elapsed = 00:00:00.001 . Memory (MB): peak = 1671.621 ; gain = 0.000

Starting Logic Optimization Task

Phase 1 Retarget
INFO: [Opt 31-138] Pushed 0 inverter(s) to 0 load pin(s).
INFO: [Opt 31-49] Retargeted 0 cell(s).
Phase 1 Retarget | Checksum: 09dd05de

Time (s): cpu = 00:00:00 ; elapsed = 00:00:00.003 . Memory (MB): peak = 1887.500 ; gain = 0.000
INFO: [Opt 31-389] Phase Retarget created 0 cells and removed 0 cells

Phase 2 Constant propagation
INFO: [Opt 31-138] Pushed 0 inverter(s) to 0 load pin(s).
Phase 2 Constant propagation | Checksum: 09dd05de

Time (s): cpu = 00:00:00 ; elapsed = 00:00:00.004 . Memory (MB): peak = 1887.500 ; gain = 0.000
INFO: [Opt 31-389] Phase Constant propagation created 0 cells and removed 0 cells

Phase 3 Sweep
Phase 3 Sweep | Checksum: 09dd05de

Time (s): cpu = 00:00:00 ; elapsed = 00:00:00.005 . Memory (MB): peak = 1887.500 ; gain = 0.000
INFO: [Opt 31-389] Phase Sweep created 0 cells and removed 0 cells

Phase 4 BUFG optimization
INFO: [Opt 31-1077] Phase BUFG optimization inserted 0 global clock buffer(s) for CLOCK_LOW_FANOUT.
Phase 4 BUFG optimization | Checksum: 09dd05de

Time (s): cpu = 00:00:00 ; elapsed = 00:00:00.005 . Memory (MB): peak = 1887.500 ; gain = 0.000
INFO: [Opt 31-662] Phase BUFG optimization created 0 cells of which 0 are BUFGs and removed 0 cells.

Phase 5 Shift Register Optimization
INFO: [Opt 31-1064] SRL Remap converted 0 SRLs to 0 registers and converted 0 registers of register chains to 0 SRLs
Phase 5 Shift Register Optimization | Checksum: 09dd05de

Time (s): cpu = 00:00:00 ; elapsed = 00:00:00.006 . Memory (MB): peak = 1887.500 ; gain = 0.000
INFO: [Opt 31-389] Phase Shift Register Optimization created 0 cells and removed 0 cells

Phase 6 Constant propagation
INFO: [Opt 31-138] Pushed 0 inverter(s) to 0 load pin(s).
Phase 6 Constant propagation | Checksum: 09dd05de

Time (s): cpu = 00:00:00 ; elapsed = 00:00:00.006 . Memory (MB): peak = 1887.500 ; gain = 0.000
INFO: [Opt 31-389] Phase Constant propagation created 0 cells and removed 0 cells

Phase 7 Sweep
Phase 7 Sweep | Checksum: 09dd05de

Time (s): cpu = 00:00:00 ; elapsed = 00:00:00.007 . Memory (MB): peak = 1887.500 ; gain = 0.000
INFO: [Opt 31-389] Phase Sweep created 0 cells and removed 0 cells

Phase 8 Resynthesis
INFO: [Timing 38-35] Done setting XDC timing constraints.
INFO: [Opt 31-74] Optimized 0 modules.
INFO: [Opt 31-138] Pushed 0 inverter(s) to 0 load pin(s).
Phase 8 Resynthesis | Checksum: 09dd05de

Time (s): cpu = 00:00:00 ; elapsed = 00:00:02 . Memory (MB): peak = 1887.574 ; gain = 0.074
INFO: [Opt 31-389] Phase Resynthesis created 0 cells and removed 0 cells

Phase 9 Post Processing Netlist
Phase 9 Post Processing Netlist | Checksum: 09dd05de

Time (s): cpu = 00:00:00 ; elapsed = 00:00:02 . Memory (MB): peak = 1887.574 ; gain = 0.074
INFO: [Opt 31-389] Phase Post Processing Netlist created 0 cells and removed 0 cells
Opt_design Change Summary
=========================


-------------------------------------------------------------------------------------------------------------------------
|  Phase                        |  #Cells created  |  #Cells Removed  |  #Constrained objects preventing optimizations  |
-------------------------------------------------------------------------------------------------------------------------
|  Retarget                     |               0  |               0  |                                              0  |
|  Constant propagation         |               0  |               0  |                                              0  |
|  Sweep                        |               0  |               0  |                                              0  |
|  BUFG optimization            |               0  |               0  |                                              0  |
|  Shift Register Optimization  |               0  |               0  |                                              0  |
|  Constant propagation         |               0  |               0  |                                              0  |
|  Sweep                        |               0  |               0  |                                              0  |
|  Resynthesis                  |               0  |               0  |                                              0  |
|  Post Processing Netlist      |               0  |               0  |                                              0  |
-------------------------------------------------------------------------------------------------------------------------



Starting Connectivity Check Task

Time (s): cpu = 00:00:00 ; elapsed = 00:00:00.001 . Memory (MB): peak = 1887.574 ; gain = 0.000
Ending Logic Optimization Task | Checksum: 09dd05de

Time (s): cpu = 00:00:00 ; elapsed = 00:00:02 . Memory (MB): peak = 1887.574 ; gain = 0.074

Starting Power Optimization Task
INFO: [Pwropt 34-132] Skipping clock gating for clocks with a period < 2.00 ns.
Ending Power Optimization Task | Checksum: 09dd05de

Time (s): cpu = 00:00:00 ; elapsed = 00:00:00.011 . Memory (MB): peak = 1905.391 ; gain = 17.816

Starting Final Cleanup Task
Ending Final Cleanup Task | Checksum: 09dd05de

Time (s): cpu = 00:00:00 ; elapsed = 00:00:00 . Memory (MB): peak = 1905.391 ; gain = 0.000

Starting Netlist Obfuscation Task
Netlist sorting complete. Time (s): cpu = 00:00:00 ; elapsed = 00:00:00.001 . Memory (MB): peak = 1905.391 ; gain = 0.000
Ending Netlist Obfuscation Task | Checksum: 09dd05de

Time (s): cpu = 00:00:00 ; elapsed = 00:00:00.001 . Memory (MB): peak = 1905.391 ; gain = 0.000
INFO: [Common 17-83] Releasing license: Implementation
35 Infos, 187 Warnings, 99 Critical Warnings and 0 Errors encountered.
opt_design completed successfully
opt_design: Time (s): cpu = 00:00:02 ; elapsed = 00:00:05 . Memory (MB): peak = 1905.391 ; gain = 236.789
INFO: [Timing 38-480] Writing timing data to binary archive.
INFO: [Common 17-1381] The checkpoint 'C:/Users/Dat Pham/Downloads/Source/project_1/project_1.runs/impl_1/RISC_Sha_tb_opt.dcp' has been generated.
INFO: [runtcl-4] Executing : report_drc -file RISC_Sha_tb_drc_opted.rpt -pb RISC_Sha_tb_drc_opted.pb -rpx RISC_Sha_tb_drc_opted.rpx
Command: report_drc -file RISC_Sha_tb_drc_opted.rpt -pb RISC_Sha_tb_drc_opted.pb -rpx RISC_Sha_tb_drc_opted.rpx
INFO: [IP_Flow 19-234] Refreshing IP repositories
INFO: [IP_Flow 19-1704] No user IP repositories specified
INFO: [IP_Flow 19-2313] Loaded Vivado IP repository 'D:/Xilinx/Vivado/2020.1/data/ip'.
INFO: [DRC 23-27] Running DRC with 2 threads
INFO: [Coretcl 2-168] The results of DRC are in file C:/Users/Dat Pham/Downloads/Source/project_1/project_1.runs/impl_1/RISC_Sha_tb_drc_opted.rpt.
report_drc completed successfully
Command: place_design -directive ExtraTimingOpt
Attempting to get a license for feature 'Implementation' and/or device 'xczu9eg'
INFO: [Common 17-349] Got license for feature 'Implementation' and/or device 'xczu9eg'
INFO: [DRC 23-27] Running DRC with 2 threads
INFO: [Vivado_Tcl 4-198] DRC finished with 0 Errors
INFO: [Vivado_Tcl 4-199] Please refer to the DRC report (report_drc) for more information.
Running DRC as a precondition to command place_design
INFO: [DRC 23-27] Running DRC with 2 threads
INFO: [Vivado_Tcl 4-198] DRC finished with 0 Errors
INFO: [Vivado_Tcl 4-199] Please refer to the DRC report (report_drc) for more information.

Starting Placer Task
INFO: [Place 46-5] The placer was invoked with the 'ExtraTimingOpt' directive.
INFO: [Place 30-611] Multithreading enabled for place_design using a maximum of 2 CPUs

Phase 1 Placer Initialization

Phase 1.1 Placer Initialization Netlist Sorting
Netlist sorting complete. Time (s): cpu = 00:00:00 ; elapsed = 00:00:00 . Memory (MB): peak = 1943.262 ; gain = 0.000
Phase 1.1 Placer Initialization Netlist Sorting | Checksum: 00000000

Time (s): cpu = 00:00:00 ; elapsed = 00:00:00.040 . Memory (MB): peak = 1943.262 ; gain = 0.000
Phase 1 Placer Initialization | Checksum: 00000000

Time (s): cpu = 00:00:00 ; elapsed = 00:00:00.040 . Memory (MB): peak = 1943.262 ; gain = 0.000
ERROR: [Place 30-494] The design is empty
Resolution: Check if opt_design has removed all the leaf cells of your design.  Check whether you have instantiated and connected all of the top level ports.
Ending Placer Task | Checksum: 00000000

Time (s): cpu = 00:00:00 ; elapsed = 00:00:00.040 . Memory (MB): peak = 1943.262 ; gain = 0.000
INFO: [Common 17-83] Releasing license: Implementation
53 Infos, 187 Warnings, 99 Critical Warnings and 2 Errors encountered.
place_design failed
ERROR: [Common 17-69] Command failed: Placer could not place all instances
INFO: [Common 17-206] Exiting Vivado at Fri Sep 19 11:50:37 2025...
